2024-05-24 19:52:49.455 [info] Getting Manifest... amiralizadeh9480.laravel-extra-intellisense
2024-05-24 19:52:49.455 [info] Getting Manifest... damms005.devdb
2024-05-24 19:52:49.610 [info] Installing extension: damms005.devdb
2024-05-24 19:52:49.618 [info] Installing extension: amiralizadeh9480.laravel-extra-intellisense
2024-05-24 19:52:53.274 [info] Extension signature verification result for amiralizadeh9480.laravel-extra-intellisense: Success. Duration: 2275ms.
2024-05-24 19:52:53.308 [info] Extracted extension to file:///root/.vscode/extensions/amiralizadeh9480.laravel-extra-intellisense-0.6.6: amiralizadeh9480.laravel-extra-intellisense
2024-05-24 19:52:53.310 [info] Renamed to /root/.vscode/extensions/amiralizadeh9480.laravel-extra-intellisense-0.6.6
2024-05-24 19:52:53.310 [info] Extracting extension completed. amiralizadeh9480.laravel-extra-intellisense
2024-05-24 19:52:53.319 [info] Extension installed successfully: amiralizadeh9480.laravel-extra-intellisense
2024-05-24 19:52:53.321 [info] Marked extension as uninstalled amiralizadeh9480.laravel-extra-intellisense-0.6.5
2024-05-24 19:52:53.395 [error] [uncaught exception in sharedProcess]: Error: ENOENT: no such file or directory, stat '/root/.vscode/extensions/extensions.json.vsctmp': EntryNotFound (FileSystemError): Error: ENOENT: no such file or directory, stat '/root/.vscode/extensions/extensions.json.vsctmp'
    at a.create (/snap/code/159/usr/share/code/resources/app/out/vs/code/node/sharedProcess/sharedProcessMain.js:53:30019)
    at b (/snap/code/159/usr/share/code/resources/app/out/vs/code/node/sharedProcess/sharedProcessMain.js:53:30130)
    at t.hb (/snap/code/159/usr/share/code/resources/app/out/vs/code/node/sharedProcess/sharedProcessMain.js:58:36600)
    at t.stat (/snap/code/159/usr/share/code/resources/app/out/vs/code/node/sharedProcess/sharedProcessMain.js:58:29040)
    at async $.stat (/snap/code/159/usr/share/code/resources/app/out/vs/code/node/sharedProcess/sharedProcessMain.js:58:16186)
    at async J.sb (/snap/code/159/usr/share/code/resources/app/out/vs/code/node/sharedProcess/sharedProcessMain.js:104:109501)
2024-05-24 19:52:54.645 [info] Extension signature verification result for damms005.devdb: Success. Duration: 472ms.
2024-05-24 19:52:56.231 [info] Extracted extension to file:///root/.vscode/extensions/damms005.devdb-1.9.1-linux-x64: damms005.devdb
2024-05-24 19:52:56.242 [info] Renamed to /root/.vscode/extensions/damms005.devdb-1.9.1-linux-x64
2024-05-24 19:52:56.243 [info] Extracting extension completed. damms005.devdb
2024-05-24 19:52:56.248 [info] Extension installed successfully: damms005.devdb
2024-05-24 19:52:56.250 [info] Marked extension as uninstalled damms005.devdb-1.7.15-linux-x64
2024-05-24 19:52:56.324 [error] [uncaught exception in sharedProcess]: Error: ENOENT: no such file or directory, stat '/root/.vscode/extensions/extensions.json.vsctmp': EntryNotFound (FileSystemError): Error: ENOENT: no such file or directory, stat '/root/.vscode/extensions/extensions.json.vsctmp'
    at a.create (/snap/code/159/usr/share/code/resources/app/out/vs/code/node/sharedProcess/sharedProcessMain.js:53:30019)
    at b (/snap/code/159/usr/share/code/resources/app/out/vs/code/node/sharedProcess/sharedProcessMain.js:53:30130)
    at t.hb (/snap/code/159/usr/share/code/resources/app/out/vs/code/node/sharedProcess/sharedProcessMain.js:58:36600)
    at t.stat (/snap/code/159/usr/share/code/resources/app/out/vs/code/node/sharedProcess/sharedProcessMain.js:58:29040)
    at async $.stat (/snap/code/159/usr/share/code/resources/app/out/vs/code/node/sharedProcess/sharedProcessMain.js:58:16186)
    at async J.sb (/snap/code/159/usr/share/code/resources/app/out/vs/code/node/sharedProcess/sharedProcessMain.js:104:109501)
