2024-05-24 19:52:45.523 [warning] /root/.ssh/config: ENOENT: no such file or directory, open '/root/.ssh/config'
2024-05-24 19:52:45.523 [info] Activation> Extension version: 0.88.1
2024-05-24 19:52:45.557 [info] TemporaryState> Error in initialization: Unable to delete nonexistent file 'vscode-userdata:/home/kyawkyawlin/Sites/laravel10-rest-api/~/.vscode-root/User/globalStorage/github.vscode-pull-request-github/temp'
2024-05-24 19:52:45.567 [info] Looking for git repository
2024-05-24 19:52:45.567 [info] Found 0 repositories during activation
2024-05-24 19:52:45.567 [info] Git repository found, initializing review manager and pr tree view.
2024-05-24 19:52:48.483 [info] Registering git provider
2024-05-24 19:52:48.711 [info] Repository file:///home/kyawkyawlin/Sites/laravel10-rest-api has been opened
2024-05-24 19:52:48.825 [info] Review+0> Validate state in progress
2024-05-24 19:52:48.825 [info] Review+0> Validating state...
2024-05-24 19:52:48.825 [info] Cannot updates repositories as git is uninitialized
2024-05-24 19:52:48.825 [info] Repo state for file:///home/kyawkyawlin/Sites/laravel10-rest-api changed.
2024-05-24 19:52:48.825 [info] Repo file:///home/kyawkyawlin/Sites/laravel10-rest-api has already been setup.
2024-05-24 19:52:48.923 [info] Git initialization state changed: state=initialized
2024-05-24 19:52:48.923 [info] Review+0> Validate state in progress
2024-05-24 19:52:48.923 [info] Review+0> Validating state...
2024-05-24 19:52:48.924 [info] Found GitHub remote for folder /home/kyawkyawlin/Sites/laravel10-rest-api
2024-05-24 19:52:48.925 [info] Trying to use globalState for assignableUsers.
2024-05-24 19:52:48.932 [info] GlobalState does not exist for assignableUsers.
2024-05-24 19:52:48.934 [info] Review+0> No matching pull request metadata found locally for current branch main
2024-05-24 19:52:48.934 [info] Review+0> No matching pull request metadata found on GitHub for current branch main
