Initializing document watcher...
laravel10-rest-api/.env: {"insertSpaces":true,"tabSize":4}
laravel10-rest-api/README.md: {"insertSpaces":true,"tabSize":4}
laravel10-rest-api/README.md: Using EditorConfig core...
README.md: insertFinalNewline(LF)
laravel10-rest-api/README.md: Using EditorConfig core...
laravel10-rest-api/README.md: Using EditorConfig core...
laravel10-rest-api/README.md: Using EditorConfig core...
laravel10-rest-api/README.md: Using EditorConfig core...
laravel10-rest-api/README.md: {"insertSpaces":true,"tabSize":4}
laravel10-rest-api/README.md: {"insertSpaces":true,"tabSize":4}
laravel10-rest-api/README.md: {"insertSpaces":true,"tabSize":4}
laravel10-rest-api/README.md: {"insertSpaces":true,"tabSize":4}
laravel10-rest-api/README.md: {"insertSpaces":true,"tabSize":4}
laravel10-rest-api/README.md: {"insertSpaces":true,"tabSize":4}
laravel10-rest-api/README.md: Using EditorConfig core...
laravel10-rest-api/README.md: Using EditorConfig core...
laravel10-rest-api/notes.md: {"insertSpaces":true,"tabSize":4}
laravel10-rest-api/README.md: {"insertSpaces":true,"tabSize":4}
laravel10-rest-api/notes.md: {"insertSpaces":true,"tabSize":4}
laravel10-rest-api/notes.md: Using EditorConfig core...
laravel10-rest-api/notes.md: {"insertSpaces":true,"tabSize":4}
laravel10-rest-api/notes.md: {"insertSpaces":true,"tabSize":4}
laravel10-rest-api/notes.md: {"insertSpaces":true,"tabSize":4}
laravel10-rest-api/notes.md: {"insertSpaces":true,"tabSize":4}
laravel10-rest-api/notes.md: {"insertSpaces":true,"tabSize":4}
laravel10-rest-api/notes.md: {"insertSpaces":true,"tabSize":4}
laravel10-rest-api/notes.md: {"insertSpaces":true,"tabSize":4}
laravel10-rest-api/notes.md: Using EditorConfig core...
notes.md: insertFinalNewline(LF)
laravel10-rest-api/.env: {"insertSpaces":true,"tabSize":4}
laravel10-rest-api/.env: Using EditorConfig core...
.env: editor.action.trimTrailingWhitespace
laravel10-rest-api/.env: Using EditorConfig core...
.env: editor.action.trimTrailingWhitespace
laravel10-rest-api/.env: {"insertSpaces":true,"tabSize":4}
laravel10-rest-api/.env: {"insertSpaces":true,"tabSize":4}
laravel10-rest-api/.env: {"insertSpaces":true,"tabSize":4}
laravel10-rest-api/.env: {"insertSpaces":true,"tabSize":4}
laravel10-rest-api/.env: {"insertSpaces":true,"tabSize":4}
laravel10-rest-api/database/migrations/2024_05_24_131115_create_tasks_table.php: {"insertSpaces":true,"tabSize":4}
laravel10-rest-api/database/migrations/2024_05_24_131115_create_tasks_table.php: {"insertSpaces":true,"tabSize":4}
laravel10-rest-api/database/migrations/2024_05_24_131115_create_tasks_table.php: {"insertSpaces":true,"tabSize":4}
laravel10-rest-api/database/migrations/2024_05_24_131115_create_tasks_table.php: Using EditorConfig core...
database/migrations/2024_05_24_131115_create_tasks_table.php: editor.action.trimTrailingWhitespace
laravel10-rest-api/database/migrations/2024_05_24_131115_create_tasks_table.php: {"insertSpaces":true,"tabSize":4}
laravel10-rest-api/database/migrations/2024_05_24_131115_create_tasks_table.php: {"insertSpaces":true,"tabSize":4}
laravel10-rest-api/database/migrations/2024_05_24_131115_create_tasks_table.php: {"insertSpaces":true,"tabSize":4}
laravel10-rest-api/database/migrations/2024_05_24_131115_create_tasks_table.php: {"insertSpaces":true,"tabSize":4}
laravel10-rest-api/database/migrations/2024_05_24_131115_create_tasks_table.php: Using EditorConfig core...
database/migrations/2024_05_24_131115_create_tasks_table.php: editor.action.trimTrailingWhitespace
laravel10-rest-api/database/migrations/2024_05_24_131115_create_tasks_table.php: {"insertSpaces":true,"tabSize":4}
laravel10-rest-api/README.md: {"insertSpaces":true,"tabSize":4}
laravel10-rest-api/README.md: {"insertSpaces":true,"tabSize":4}
laravel10-rest-api/README.md: Using EditorConfig core...
README.md: insertFinalNewline(LF)
laravel10-rest-api/README.md: Using EditorConfig core...
laravel10-rest-api/README.md: {"insertSpaces":true,"tabSize":4}
laravel10-rest-api/README.md: Using EditorConfig core...
laravel10-rest-api/README.md: Using EditorConfig core...
laravel10-rest-api/README.md: Using EditorConfig core...
laravel10-rest-api/README.md: Using EditorConfig core...
laravel10-rest-api/README.md: {"insertSpaces":true,"tabSize":4}
laravel10-rest-api/README.md: {"insertSpaces":true,"tabSize":4}
laravel10-rest-api/README.md: {"insertSpaces":true,"tabSize":4}
laravel10-rest-api/README.md: Using EditorConfig core...
laravel10-rest-api/README.md: Using EditorConfig core...
laravel10-rest-api/README.md: Using EditorConfig core...
laravel10-rest-api/README.md: {"insertSpaces":true,"tabSize":4}
laravel10-rest-api/README.md: Using EditorConfig core...
laravel10-rest-api/README.md: Using EditorConfig core...
laravel10-rest-api/README.md: Using EditorConfig core...
laravel10-rest-api/README.md: Using EditorConfig core...
laravel10-rest-api/README.md: Using EditorConfig core...
laravel10-rest-api/README.md: Using EditorConfig core...
laravel10-rest-api/README.md: Using EditorConfig core...
laravel10-rest-api/README.md: {"insertSpaces":true,"tabSize":4}
laravel10-rest-api/README.md: Using EditorConfig core...
laravel10-rest-api/README.md: {"insertSpaces":true,"tabSize":4}
laravel10-rest-api/README.md: Using EditorConfig core...
laravel10-rest-api/README.md: {"insertSpaces":true,"tabSize":4}
laravel10-rest-api/README.md: {"insertSpaces":true,"tabSize":4}
laravel10-rest-api/README.md: {"insertSpaces":true,"tabSize":4}
laravel10-rest-api/README.md: {"insertSpaces":true,"tabSize":4}
laravel10-rest-api/README.md: {"insertSpaces":true,"tabSize":4}
laravel10-rest-api/README.md: {"insertSpaces":true,"tabSize":4}
laravel10-rest-api/app/Http/Controllers/TaskController.php: {"insertSpaces":true,"tabSize":4}
laravel10-rest-api/app/Http/Controllers/TaskController.php: {"insertSpaces":true,"tabSize":4}
laravel10-rest-api/app/Http/Controllers/TaskController.php: {"insertSpaces":true,"tabSize":4}
laravel10-rest-api/app/Http/Controllers/TaskController.php: {"insertSpaces":true,"tabSize":4}
laravel10-rest-api/app/Http/Controllers/TaskController.php: {"insertSpaces":true,"tabSize":4}
laravel10-rest-api/app/Http/Controllers/TaskController.php: {"insertSpaces":true,"tabSize":4}
laravel10-rest-api/app/Http/Controllers/TaskController.php: Using EditorConfig core...
app/Http/Controllers/TaskController.php: editor.action.trimTrailingWhitespace
laravel10-rest-api/app/Http/Controllers/TaskController.php: {"insertSpaces":true,"tabSize":4}
laravel10-rest-api/app/Http/Controllers/TaskController.php: Using EditorConfig core...
app/Http/Controllers/TaskController.php: editor.action.trimTrailingWhitespace
laravel10-rest-api/app/Http/Controllers/TaskController.php: Using EditorConfig core...
app/Http/Controllers/TaskController.php: editor.action.trimTrailingWhitespace
laravel10-rest-api/app/Http/Controllers/TaskController.php: Using EditorConfig core...
app/Http/Controllers/TaskController.php: editor.action.trimTrailingWhitespace
laravel10-rest-api/app/Http/Controllers/TaskController.php: {"insertSpaces":true,"tabSize":4}
laravel10-rest-api/routes/api.php: {"insertSpaces":true,"tabSize":4}
laravel10-rest-api/routes/api.php: {"insertSpaces":true,"tabSize":4}
laravel10-rest-api/routes/api.php: {"insertSpaces":true,"tabSize":4}
laravel10-rest-api/routes/api.php: {"insertSpaces":true,"tabSize":4}
laravel10-rest-api/routes/api.php: Using EditorConfig core...
routes/api.php: editor.action.trimTrailingWhitespace
laravel10-rest-api/routes/api.php: Using EditorConfig core...
routes/api.php: editor.action.trimTrailingWhitespace
laravel10-rest-api/routes/api.php: {"insertSpaces":true,"tabSize":4}
laravel10-rest-api/routes/api.php: {"insertSpaces":true,"tabSize":4}
laravel10-rest-api/routes/api.php: {"insertSpaces":true,"tabSize":4}
laravel10-rest-api/app/Http/Controllers/TaskController.php: {"insertSpaces":true,"tabSize":4}
laravel10-rest-api/app/Http/Controllers/TaskController.php: {"insertSpaces":true,"tabSize":4}
laravel10-rest-api/app/Http/Controllers/TaskController.php: {"insertSpaces":true,"tabSize":4}
laravel10-rest-api/app/Http/Controllers/TaskController.php: {"insertSpaces":true,"tabSize":4}
laravel10-rest-api/app/Http/Controllers/TaskController.php: {"insertSpaces":true,"tabSize":4}
laravel10-rest-api/app/Http/Controllers/TaskController.php: {"insertSpaces":true,"tabSize":4}
laravel10-rest-api/app/Http/Controllers/TaskController.php: {"insertSpaces":true,"tabSize":4}
laravel10-rest-api/routes/api.php: {"insertSpaces":true,"tabSize":4}
laravel10-rest-api/routes/api.php: Using EditorConfig core...
routes/api.php: editor.action.trimTrailingWhitespace
laravel10-rest-api/routes/api.php: {"insertSpaces":true,"tabSize":4}
laravel10-rest-api/database/migrations/2024_05_24_131115_create_tasks_table.php: {"insertSpaces":true,"tabSize":4}
laravel10-rest-api/database/database.sqlite: {"insertSpaces":true,"tabSize":4}
laravel10-rest-api/database/database.sqlite: {"insertSpaces":true,"tabSize":4}
laravel10-rest-api/database/migrations/2024_05_24_131115_create_tasks_table.php: {"insertSpaces":true,"tabSize":4}
laravel10-rest-api/database/migrations/2024_05_24_131115_create_tasks_table.php: {"insertSpaces":true,"tabSize":4}
laravel10-rest-api/database/migrations/2024_05_24_131115_create_tasks_table.php: {"insertSpaces":true,"tabSize":4}
laravel10-rest-api/database/migrations/2024_05_24_131115_create_tasks_table.php: {"insertSpaces":true,"tabSize":4}
laravel10-rest-api/database/migrations/2024_05_24_131115_create_tasks_table.php: {"insertSpaces":true,"tabSize":4}
laravel10-rest-api/database/migrations/2024_05_24_131115_create_tasks_table.php: {"insertSpaces":true,"tabSize":4}
laravel10-rest-api/notes.md: {"insertSpaces":true,"tabSize":4}
laravel10-rest-api/notes.md: {"insertSpaces":true,"tabSize":4}
laravel10-rest-api/notes.md: {"insertSpaces":true,"tabSize":4}
laravel10-rest-api/notes.md: {"insertSpaces":true,"tabSize":4}
laravel10-rest-api/notes.md: {"insertSpaces":true,"tabSize":4}
laravel10-rest-api/notes.md: {"insertSpaces":true,"tabSize":4}
laravel10-rest-api/notes.md: Using EditorConfig core...
notes.md: insertFinalNewline(LF)
laravel10-rest-api/notes.md: {"insertSpaces":true,"tabSize":4}
laravel10-rest-api/notes.md: {"insertSpaces":true,"tabSize":4}
laravel10-rest-api/notes.md: {"insertSpaces":true,"tabSize":4}
No more open editors.
No more open editors.
No more open editors.
laravel10-rest-api/database/migrations/2024_05_24_131115_create_tasks_table.php: {"insertSpaces":true,"tabSize":4}
laravel10-rest-api/notes.md: {"insertSpaces":true,"tabSize":4}
laravel10-rest-api/notes.md: {"insertSpaces":true,"tabSize":4}
laravel10-rest-api/routes/api.php: {"insertSpaces":true,"tabSize":4}
laravel10-rest-api/app/Http/Controllers/TaskController.php: {"insertSpaces":true,"tabSize":4}
laravel10-rest-api/app/Http/Controllers/TaskController.php: {"insertSpaces":true,"tabSize":4}
laravel10-rest-api/app/Http/Controllers/TaskController.php: {"insertSpaces":true,"tabSize":4}
laravel10-rest-api/app/Http/Controllers/TaskController.php: {"insertSpaces":true,"tabSize":4}
laravel10-rest-api/app/Http/Controllers/TaskController.php: Using EditorConfig core...
app/Http/Controllers/TaskController.php: editor.action.trimTrailingWhitespace
laravel10-rest-api/app/Http/Controllers/TaskController.php: {"insertSpaces":true,"tabSize":4}
laravel10-rest-api/app/Http/Resources/TaskResource.php: {"insertSpaces":true,"tabSize":4}
laravel10-rest-api/app/Http/Resources/TaskResource.php: {"insertSpaces":true,"tabSize":4}
laravel10-rest-api/app/Http/Resources/TaskCollection.php: {"insertSpaces":true,"tabSize":4}
laravel10-rest-api/app/Http/Controllers/TaskController.php: {"insertSpaces":true,"tabSize":4}
laravel10-rest-api/app/Http/Controllers/TaskController.php: {"insertSpaces":true,"tabSize":4}
laravel10-rest-api/app/Http/Controllers/TaskController.php: {"insertSpaces":true,"tabSize":4}
laravel10-rest-api/app/Http/Controllers/TaskController.php: {"insertSpaces":true,"tabSize":4}
laravel10-rest-api/app/Http/Controllers/TaskController.php: Using EditorConfig core...
app/Http/Controllers/TaskController.php: editor.action.trimTrailingWhitespace
laravel10-rest-api/app/Http/Controllers/TaskController.php: {"insertSpaces":true,"tabSize":4}
laravel10-rest-api/app/Http/Controllers/TaskController.php: Using EditorConfig core...
app/Http/Controllers/TaskController.php: editor.action.trimTrailingWhitespace
laravel10-rest-api/app/Http/Resources/TaskCollection.php: {"insertSpaces":true,"tabSize":4}
laravel10-rest-api/app/Http/Resources/TaskResource.php: {"insertSpaces":true,"tabSize":4}
laravel10-rest-api/app/Http/Resources/TaskResource.php: Using EditorConfig core...
app/Http/Resources/TaskResource.php: editor.action.trimTrailingWhitespace
laravel10-rest-api/app/Http/Resources/TaskResource.php: Using EditorConfig core...
app/Http/Resources/TaskResource.php: editor.action.trimTrailingWhitespace
laravel10-rest-api/app/Http/Resources/TaskResource.php: Using EditorConfig core...
app/Http/Resources/TaskResource.php: editor.action.trimTrailingWhitespace
laravel10-rest-api/app/Http/Resources/TaskResource.php: Using EditorConfig core...
app/Http/Resources/TaskResource.php: editor.action.trimTrailingWhitespace
laravel10-rest-api/app/Http/Resources/TaskResource.php: Using EditorConfig core...
app/Http/Resources/TaskResource.php: editor.action.trimTrailingWhitespace
laravel10-rest-api/app/Http/Resources/TaskResource.php: Using EditorConfig core...
app/Http/Resources/TaskResource.php: editor.action.trimTrailingWhitespace
laravel10-rest-api/app/Http/Resources/TaskResource.php: {"insertSpaces":true,"tabSize":4}
laravel10-rest-api/app/Http/Resources/TaskResource.php: {"insertSpaces":true,"tabSize":4}
laravel10-rest-api/app/Http/Resources/TaskResource.php: {"insertSpaces":true,"tabSize":4}
laravel10-rest-api/app/Http/Resources/TaskResource.php: {"insertSpaces":true,"tabSize":4}
laravel10-rest-api/app/Http/Resources/TaskResource.php: {"insertSpaces":true,"tabSize":4}
laravel10-rest-api/app/Http/Resources/TaskResource.php: {"insertSpaces":true,"tabSize":4}
laravel10-rest-api/app/Http/Resources/TaskResource.php: {"insertSpaces":true,"tabSize":4}
laravel10-rest-api/app/Http/Resources/TaskResource.php: {"insertSpaces":true,"tabSize":4}
laravel10-rest-api/app/Http/Resources/TaskResource.php: {"insertSpaces":true,"tabSize":4}
laravel10-rest-api/app/Http/Resources/TaskResource.php: Using EditorConfig core...
app/Http/Resources/TaskResource.php: editor.action.trimTrailingWhitespace
laravel10-rest-api/app/Http/Resources/TaskResource.php: {"insertSpaces":true,"tabSize":4}
laravel10-rest-api/app/Http/Resources/TaskResource.php: Using EditorConfig core...
app/Http/Resources/TaskResource.php: editor.action.trimTrailingWhitespace
laravel10-rest-api/app/Http/Resources/TaskResource.php: {"insertSpaces":true,"tabSize":4}
laravel10-rest-api/app/Http/Resources/TaskResource.php: {"insertSpaces":true,"tabSize":4}
laravel10-rest-api/app/Http/Resources/TaskResource.php: Using EditorConfig core...
app/Http/Resources/TaskResource.php: editor.action.trimTrailingWhitespace
laravel10-rest-api/app/Http/Resources/TaskResource.php: {"insertSpaces":true,"tabSize":4}
laravel10-rest-api/app/Http/Resources/TaskResource.php: {"insertSpaces":true,"tabSize":4}
laravel10-rest-api/app/Http/Resources/TaskResource.php: {"insertSpaces":true,"tabSize":4}
laravel10-rest-api/app/Http/Resources/TaskResource.php: {"insertSpaces":true,"tabSize":4}
laravel10-rest-api/app/Http/Resources/TaskResource.php: {"insertSpaces":true,"tabSize":4}
laravel10-rest-api/app/Http/Resources/TaskResource.php: {"insertSpaces":true,"tabSize":4}
laravel10-rest-api/app/Http/Resources/TaskResource.php: {"insertSpaces":true,"tabSize":4}
laravel10-rest-api/app/Http/Resources/TaskResource.php: Using EditorConfig core...
app/Http/Resources/TaskResource.php: editor.action.trimTrailingWhitespace
laravel10-rest-api/app/Http/Resources/TaskResource.php: {"insertSpaces":true,"tabSize":4}
laravel10-rest-api/app/Http/Resources/TaskResource.php: {"insertSpaces":true,"tabSize":4}
laravel10-rest-api/app/Http/Resources/TaskResource.php: Using EditorConfig core...
app/Http/Resources/TaskResource.php: editor.action.trimTrailingWhitespace
laravel10-rest-api/app/Http/Resources/TaskResource.php: Using EditorConfig core...
app/Http/Resources/TaskResource.php: editor.action.trimTrailingWhitespace
laravel10-rest-api/app/Http/Resources/TaskResource.php: {"insertSpaces":true,"tabSize":4}
laravel10-rest-api/app/Http/Resources/TaskResource.php: {"insertSpaces":true,"tabSize":4}
laravel10-rest-api/app/Http/Resources/TaskResource.php: {"insertSpaces":true,"tabSize":4}
laravel10-rest-api/app/Http/Resources/TaskResource.php: {"insertSpaces":true,"tabSize":4}
laravel10-rest-api/app/Http/Resources/TaskCollection.php: {"insertSpaces":true,"tabSize":4}
laravel10-rest-api/app/Http/Resources/TaskResource.php: {"insertSpaces":true,"tabSize":4}
laravel10-rest-api/app/Http/Resources/TaskResource.php: {"insertSpaces":true,"tabSize":4}
laravel10-rest-api/app/Http/Resources/TaskResource.php: {"insertSpaces":true,"tabSize":4}
laravel10-rest-api/app/Http/Resources/TaskResource.php: {"insertSpaces":true,"tabSize":4}
laravel10-rest-api/app/Http/Resources/TaskResource.php: {"insertSpaces":true,"tabSize":4}
laravel10-rest-api/app/Http/Resources/TaskResource.php: {"insertSpaces":true,"tabSize":4}
laravel10-rest-api/app/Http/Resources/TaskResource.php: {"insertSpaces":true,"tabSize":4}
laravel10-rest-api/app/Http/Resources/TaskResource.php: {"insertSpaces":true,"tabSize":4}
laravel10-rest-api/app/Http/Resources/TaskResource.php: {"insertSpaces":true,"tabSize":4}
laravel10-rest-api/app/Http/Resources/TaskResource.php: {"insertSpaces":true,"tabSize":4}
laravel10-rest-api/app/Http/Resources/TaskResource.php: {"insertSpaces":true,"tabSize":4}
laravel10-rest-api/app/Http/Resources/TaskResource.php: {"insertSpaces":true,"tabSize":4}
laravel10-rest-api/app/Http/Resources/TaskResource.php: {"insertSpaces":true,"tabSize":4}
laravel10-rest-api/app/Http/Resources/TaskResource.php: {"insertSpaces":true,"tabSize":4}
laravel10-rest-api/app/Http/Resources/TaskResource.php: {"insertSpaces":true,"tabSize":4}
laravel10-rest-api/app/Http/Resources/TaskResource.php: {"insertSpaces":true,"tabSize":4}
laravel10-rest-api/app/Http/Resources/TaskResource.php: {"insertSpaces":true,"tabSize":4}
laravel10-rest-api/app/Http/Resources/TaskResource.php: {"insertSpaces":true,"tabSize":4}
laravel10-rest-api/app/Http/Resources/TaskResource.php: {"insertSpaces":true,"tabSize":4}
laravel10-rest-api/app/Http/Resources/TaskResource.php: {"insertSpaces":true,"tabSize":4}
laravel10-rest-api/app/Http/Resources/TaskResource.php: {"insertSpaces":true,"tabSize":4}
laravel10-rest-api/app/Http/Resources/TaskResource.php: {"insertSpaces":true,"tabSize":4}
laravel10-rest-api/app/Http/Resources/TaskResource.php: {"insertSpaces":true,"tabSize":4}
laravel10-rest-api/app/Http/Resources/TaskResource.php: {"insertSpaces":true,"tabSize":4}
laravel10-rest-api/app/Http/Resources/TaskResource.php: {"insertSpaces":true,"tabSize":4}
laravel10-rest-api/app/Http/Resources/TaskResource.php: {"insertSpaces":true,"tabSize":4}
laravel10-rest-api/app/Http/Resources/TaskResource.php: {"insertSpaces":true,"tabSize":4}
laravel10-rest-api/app/Http/Resources/TaskResource.php: {"insertSpaces":true,"tabSize":4}
laravel10-rest-api/app/Http/Resources/TaskResource.php: {"insertSpaces":true,"tabSize":4}
laravel10-rest-api/app/Models/Task.php: {"insertSpaces":true,"tabSize":4}
laravel10-rest-api/app/Models/Task.php: {"insertSpaces":true,"tabSize":4}
laravel10-rest-api/app/Models/Task.php: {"insertSpaces":true,"tabSize":4}
laravel10-rest-api/app/Models/Task.php: {"insertSpaces":true,"tabSize":4}
laravel10-rest-api/app/Models/Task.php: {"insertSpaces":true,"tabSize":4}
laravel10-rest-api/app/Models/Task.php: {"insertSpaces":true,"tabSize":4}
laravel10-rest-api/app/Models/Task.php: Using EditorConfig core...
app/Models/Task.php: editor.action.trimTrailingWhitespace
laravel10-rest-api/app/Models/Task.php: Using EditorConfig core...
app/Models/Task.php: editor.action.trimTrailingWhitespace
laravel10-rest-api/app/Models/Task.php: {"insertSpaces":true,"tabSize":4}
laravel10-rest-api/app/Models/Task.php: Using EditorConfig core...
app/Models/Task.php: editor.action.trimTrailingWhitespace
laravel10-rest-api/app/Models/Task.php: {"insertSpaces":true,"tabSize":4}
laravel10-rest-api/app/Models/Task.php: {"insertSpaces":true,"tabSize":4}
laravel10-rest-api/app/Models/Task.php: Using EditorConfig core...
app/Models/Task.php: editor.action.trimTrailingWhitespace
laravel10-rest-api/app/Models/Task.php: {"insertSpaces":true,"tabSize":4}
laravel10-rest-api/app/Models/Task.php: Using EditorConfig core...
app/Models/Task.php: editor.action.trimTrailingWhitespace
laravel10-rest-api/app/Models/Task.php: {"insertSpaces":true,"tabSize":4}
laravel10-rest-api/app/Models/Task.php: {"insertSpaces":true,"tabSize":4}
laravel10-rest-api/app/Models/Task.php: {"insertSpaces":true,"tabSize":4}
laravel10-rest-api/app/Models/Task.php: {"insertSpaces":true,"tabSize":4}
laravel10-rest-api/app/Models/Task.php: {"insertSpaces":true,"tabSize":4}
laravel10-rest-api/app/Models/Task.php: {"insertSpaces":true,"tabSize":4}
laravel10-rest-api/app/Models/Task.php: {"insertSpaces":true,"tabSize":4}
laravel10-rest-api/app/Models/Task.php: {"insertSpaces":true,"tabSize":4}
laravel10-rest-api/app/Models/Task.php: {"insertSpaces":true,"tabSize":4}
laravel10-rest-api/app/Models/Task.php: {"insertSpaces":true,"tabSize":4}
laravel10-rest-api/app/Models/Task.php: {"insertSpaces":true,"tabSize":4}
laravel10-rest-api/app/Models/Task.php: {"insertSpaces":true,"tabSize":4}
laravel10-rest-api/app/Models/Task.php: {"insertSpaces":true,"tabSize":4}
laravel10-rest-api/app/Models/Task.php: {"insertSpaces":true,"tabSize":4}
laravel10-rest-api/routes/web.php: {"insertSpaces":true,"tabSize":4}
laravel10-rest-api/routes/api.php: {"insertSpaces":true,"tabSize":4}
laravel10-rest-api/routes/api.php: {"insertSpaces":true,"tabSize":4}
laravel10-rest-api/routes/api.php: {"insertSpaces":true,"tabSize":4}
laravel10-rest-api/routes/api.php: Using EditorConfig core...
routes/api.php: editor.action.trimTrailingWhitespace
laravel10-rest-api/routes/api.php: Using EditorConfig core...
routes/api.php: editor.action.trimTrailingWhitespace
laravel10-rest-api/routes/api.php: {"insertSpaces":true,"tabSize":4}
laravel10-rest-api/routes/api.php: {"insertSpaces":true,"tabSize":4}
laravel10-rest-api/routes/api.php: Using EditorConfig core...
routes/api.php: editor.action.trimTrailingWhitespace
laravel10-rest-api/routes/api.php: Using EditorConfig core...
routes/api.php: editor.action.trimTrailingWhitespace
laravel10-rest-api/routes/api.php: {"insertSpaces":true,"tabSize":4}
laravel10-rest-api/routes/api.php: Using EditorConfig core...
routes/api.php: editor.action.trimTrailingWhitespace
laravel10-rest-api/routes/api.php: {"insertSpaces":true,"tabSize":4}
laravel10-rest-api/routes/api.php: Using EditorConfig core...
routes/api.php: editor.action.trimTrailingWhitespace
laravel10-rest-api/.env: {"insertSpaces":true,"tabSize":4}
laravel10-rest-api/routes/api.php: {"insertSpaces":true,"tabSize":4}
laravel10-rest-api/.env: {"insertSpaces":true,"tabSize":4}
laravel10-rest-api/routes/api.php: {"insertSpaces":true,"tabSize":4}
laravel10-rest-api/routes/api.php: {"insertSpaces":true,"tabSize":4}
laravel10-rest-api/app/Http/Controllers/TaskController.php: {"insertSpaces":true,"tabSize":4}
laravel10-rest-api/app/Http/Controllers/TaskController.php: Using EditorConfig core...
app/Http/Controllers/TaskController.php: editor.action.trimTrailingWhitespace
laravel10-rest-api/app/Http/Controllers/TaskController.php: {"insertSpaces":true,"tabSize":4}
laravel10-rest-api/app/Http/Controllers/TaskController.php: {"insertSpaces":true,"tabSize":4}
laravel10-rest-api/app/Http/Controllers/TaskController.php: {"insertSpaces":true,"tabSize":4}
laravel10-rest-api/app/Http/Controllers/TaskController.php: {"insertSpaces":true,"tabSize":4}
laravel10-rest-api/app/Http/Controllers/TaskController.php: {"insertSpaces":true,"tabSize":4}
laravel10-rest-api/app/Http/Controllers/TaskController.php: {"insertSpaces":true,"tabSize":4}
laravel10-rest-api/app/Http/Controllers/TaskController.php: Using EditorConfig core...
app/Http/Controllers/TaskController.php: editor.action.trimTrailingWhitespace
laravel10-rest-api/app/Http/Controllers/TaskController.php: Using EditorConfig core...
app/Http/Controllers/TaskController.php: editor.action.trimTrailingWhitespace
laravel10-rest-api/app/Http/Controllers/TaskController.php: {"insertSpaces":true,"tabSize":4}
laravel10-rest-api/app/Http/Controllers/TaskController.php: {"insertSpaces":true,"tabSize":4}
laravel10-rest-api/app/Http/Controllers/TaskController.php: {"insertSpaces":true,"tabSize":4}
laravel10-rest-api/app/Http/Controllers/TaskController.php: Using EditorConfig core...
app/Http/Controllers/TaskController.php: editor.action.trimTrailingWhitespace
laravel10-rest-api/app/Http/Controllers/TaskController.php: {"insertSpaces":true,"tabSize":4}
laravel10-rest-api/app/Http/Controllers/TaskController.php: {"insertSpaces":true,"tabSize":4}
laravel10-rest-api/app/Http/Controllers/TaskController.php: {"insertSpaces":true,"tabSize":4}
laravel10-rest-api/app/Http/Controllers/TaskController.php: {"insertSpaces":true,"tabSize":4}
laravel10-rest-api/app/Http/Controllers/TaskController.php: Using EditorConfig core...
app/Http/Controllers/TaskController.php: editor.action.trimTrailingWhitespace
laravel10-rest-api/app/Http/Controllers/TaskController.php: Using EditorConfig core...
app/Http/Controllers/TaskController.php: editor.action.trimTrailingWhitespace
laravel10-rest-api/app/Http/Controllers/TaskController.php: {"insertSpaces":true,"tabSize":4}
laravel10-rest-api/app/Http/Controllers/TaskController.php: {"insertSpaces":true,"tabSize":4}
laravel10-rest-api/app/Http/Controllers/TaskController.php: Using EditorConfig core...
app/Http/Controllers/TaskController.php: editor.action.trimTrailingWhitespace
laravel10-rest-api/app/Http/Controllers/TaskController.php: {"insertSpaces":true,"tabSize":4}
laravel10-rest-api/app/Http/Controllers/TaskController.php: {"insertSpaces":true,"tabSize":4}
laravel10-rest-api/app/Http/Controllers/TaskController.php: {"insertSpaces":true,"tabSize":4}
laravel10-rest-api/routes/api.php: {"insertSpaces":true,"tabSize":4}
laravel10-rest-api/routes/api.php: Using EditorConfig core...
routes/api.php: editor.action.trimTrailingWhitespace
laravel10-rest-api/routes/api.php: {"insertSpaces":true,"tabSize":4}
laravel10-rest-api/routes/api.php: {"insertSpaces":true,"tabSize":4}
laravel10-rest-api/app/Http/Controllers/TaskController.php: {"insertSpaces":true,"tabSize":4}
laravel10-rest-api/app/Http/Controllers/TaskController.php: {"insertSpaces":true,"tabSize":4}
laravel10-rest-api/app/Http/Controllers/TaskController.php: {"insertSpaces":true,"tabSize":4}
laravel10-rest-api/app/Http/Controllers/TaskController.php: {"insertSpaces":true,"tabSize":4}
laravel10-rest-api/app/Http/Controllers/TaskController.php: {"insertSpaces":true,"tabSize":4}
laravel10-rest-api/app/Http/Controllers/TaskController.php: {"insertSpaces":true,"tabSize":4}
laravel10-rest-api/app/Http/Controllers/TaskController.php: {"insertSpaces":true,"tabSize":4}
laravel10-rest-api/app/Http/Controllers/TaskController.php: Using EditorConfig core...
app/Http/Controllers/TaskController.php: editor.action.trimTrailingWhitespace
laravel10-rest-api/app/Http/Controllers/TaskController.php: Using EditorConfig core...
app/Http/Controllers/TaskController.php: editor.action.trimTrailingWhitespace
laravel10-rest-api/app/Http/Controllers/TaskController.php: {"insertSpaces":true,"tabSize":4}
laravel10-rest-api/app/Http/Controllers/TaskController.php: {"insertSpaces":true,"tabSize":4}
laravel10-rest-api/app/Http/Controllers/TaskController.php: {"insertSpaces":true,"tabSize":4}
laravel10-rest-api/app/Http/Controllers/TaskController.php: Using EditorConfig core...
app/Http/Controllers/TaskController.php: editor.action.trimTrailingWhitespace
laravel10-rest-api/app/Http/Controllers/TaskController.php: {"insertSpaces":true,"tabSize":4}
laravel10-rest-api/app/Http/Controllers/TaskController.php: {"insertSpaces":true,"tabSize":4}
laravel10-rest-api/app/Http/Controllers/TaskController.php: {"insertSpaces":true,"tabSize":4}
laravel10-rest-api/app/Http/Controllers/TaskController.php: Using EditorConfig core...
app/Http/Controllers/TaskController.php: editor.action.trimTrailingWhitespace
laravel10-rest-api/app/Http/Controllers/TaskController.php: {"insertSpaces":true,"tabSize":4}
laravel10-rest-api/app/Http/Controllers/TaskController.php: {"insertSpaces":true,"tabSize":4}
laravel10-rest-api/app/Http/Controllers/TaskController.php: {"insertSpaces":true,"tabSize":4}
laravel10-rest-api/app/Http/Controllers/TaskController.php: {"insertSpaces":true,"tabSize":4}
laravel10-rest-api/app/Http/Controllers/TaskController.php: {"insertSpaces":true,"tabSize":4}
laravel10-rest-api/app/Http/Controllers/TaskController.php: Using EditorConfig core...
app/Http/Controllers/TaskController.php: editor.action.trimTrailingWhitespace
laravel10-rest-api/app/Http/Controllers/TaskController.php: {"insertSpaces":true,"tabSize":4}
laravel10-rest-api/app/Http/Controllers/TaskController.php: {"insertSpaces":true,"tabSize":4}
laravel10-rest-api/app/Http/Controllers/TaskController.php: {"insertSpaces":true,"tabSize":4}
laravel10-rest-api/app/Http/Controllers/TaskController.php: {"insertSpaces":true,"tabSize":4}
laravel10-rest-api/app/Http/Controllers/TaskController.php: {"insertSpaces":true,"tabSize":4}
laravel10-rest-api/app/Http/Controllers/TaskController.php: {"insertSpaces":true,"tabSize":4}
laravel10-rest-api/app/Http/Controllers/TaskController.php: Using EditorConfig core...
app/Http/Controllers/TaskController.php: editor.action.trimTrailingWhitespace
laravel10-rest-api/routes/api.php: {"insertSpaces":true,"tabSize":4}
laravel10-rest-api/app/Http/Resources/TaskCollection.php: {"insertSpaces":true,"tabSize":4}
laravel10-rest-api/routes/api.php: {"insertSpaces":true,"tabSize":4}
laravel10-rest-api/app/Http/Controllers/TaskController.php: {"insertSpaces":true,"tabSize":4}
laravel10-rest-api/routes/api.php: {"insertSpaces":true,"tabSize":4}
laravel10-rest-api/routes/api.php: {"insertSpaces":true,"tabSize":4}
laravel10-rest-api/routes/api.php: {"insertSpaces":true,"tabSize":4}
laravel10-rest-api/app/Models/Task.php: {"insertSpaces":true,"tabSize":4}
laravel10-rest-api/app/Models/Task.php: {"insertSpaces":true,"tabSize":4}
laravel10-rest-api/app/Models/Task.php: {"insertSpaces":true,"tabSize":4}
laravel10-rest-api/app/Models/Task.php: {"insertSpaces":true,"tabSize":4}
laravel10-rest-api/app/Models/Task.php: Using EditorConfig core...
app/Models/Task.php: editor.action.trimTrailingWhitespace
laravel10-rest-api/app/Models/Task.php: Using EditorConfig core...
app/Models/Task.php: editor.action.trimTrailingWhitespace
laravel10-rest-api/app/Models/Task.php: {"insertSpaces":true,"tabSize":4}
laravel10-rest-api/app/Models/Task.php: {"insertSpaces":true,"tabSize":4}
laravel10-rest-api/app/Models/Task.php: {"insertSpaces":true,"tabSize":4}
laravel10-rest-api/app/Models/Task.php: {"insertSpaces":true,"tabSize":4}
laravel10-rest-api/app/Models/Task.php: {"insertSpaces":true,"tabSize":4}
laravel10-rest-api/app/Models/Task.php: {"insertSpaces":true,"tabSize":4}
laravel10-rest-api/app/Models/Task.php: {"insertSpaces":true,"tabSize":4}
laravel10-rest-api/app/Models/Task.php: {"insertSpaces":true,"tabSize":4}
laravel10-rest-api/app/Models/Task.php: {"insertSpaces":true,"tabSize":4}
laravel10-rest-api/app/Models/Task.php: {"insertSpaces":true,"tabSize":4}
laravel10-rest-api/app/Http/Requests/StoreTaskRequest.php: {"insertSpaces":true,"tabSize":4}
laravel10-rest-api/app/Http/Requests/StoreTaskRequest.php: Using EditorConfig core...
app/Http/Requests/StoreTaskRequest.php: editor.action.trimTrailingWhitespace
laravel10-rest-api/app/Http/Requests/StoreTaskRequest.php: Using EditorConfig core...
app/Http/Requests/StoreTaskRequest.php: editor.action.trimTrailingWhitespace
laravel10-rest-api/app/Http/Controllers/TaskController.php: {"insertSpaces":true,"tabSize":4}
laravel10-rest-api/app/Http/Controllers/TaskController.php: Using EditorConfig core...
app/Http/Controllers/TaskController.php: editor.action.trimTrailingWhitespace
laravel10-rest-api/app/Http/Controllers/TaskController.php: {"insertSpaces":true,"tabSize":4}
laravel10-rest-api/app/Http/Controllers/TaskController.php: {"insertSpaces":true,"tabSize":4}
laravel10-rest-api/app/Http/Controllers/TaskController.php: Using EditorConfig core...
app/Http/Controllers/TaskController.php: editor.action.trimTrailingWhitespace
laravel10-rest-api/app/Http/Controllers/TaskController.php: {"insertSpaces":true,"tabSize":4}
laravel10-rest-api/app/Http/Controllers/TaskController.php: {"insertSpaces":true,"tabSize":4}
laravel10-rest-api/app/Http/Requests/StoreTaskRequest.php: {"insertSpaces":true,"tabSize":4}
laravel10-rest-api/app/Http/Requests/StoreTaskRequest.php: Using EditorConfig core...
app/Http/Requests/StoreTaskRequest.php: editor.action.trimTrailingWhitespace
laravel10-rest-api/app/Http/Requests/StoreTaskRequest.php: {"insertSpaces":true,"tabSize":4}
laravel10-rest-api/app/Http/Requests/StoreTaskRequest.php: Using EditorConfig core...
app/Http/Requests/StoreTaskRequest.php: editor.action.trimTrailingWhitespace
laravel10-rest-api/app/Http/Requests/StoreTaskRequest.php: {"insertSpaces":true,"tabSize":4}
laravel10-rest-api/app/Http/Requests/StoreTaskRequest.php: Using EditorConfig core...
app/Http/Requests/StoreTaskRequest.php: editor.action.trimTrailingWhitespace
laravel10-rest-api/app/Http/Requests/StoreTaskRequest.php: {"insertSpaces":true,"tabSize":4}
laravel10-rest-api/app/Http/Requests/StoreTaskRequest.php: {"insertSpaces":true,"tabSize":4}
laravel10-rest-api/app/Http/Requests/StoreTaskRequest.php: {"insertSpaces":true,"tabSize":4}
laravel10-rest-api/app/Http/Requests/StoreTaskRequest.php: {"insertSpaces":true,"tabSize":4}
laravel10-rest-api/app/Http/Requests/StoreTaskRequest.php: {"insertSpaces":true,"tabSize":4}
laravel10-rest-api/app/Http/Requests/StoreTaskRequest.php: {"insertSpaces":true,"tabSize":4}
laravel10-rest-api/app/Http/Requests/StoreTaskRequest.php: {"insertSpaces":true,"tabSize":4}
laravel10-rest-api/app/Http/Requests/StoreTaskRequest.php: {"insertSpaces":true,"tabSize":4}
laravel10-rest-api/app/Http/Requests/StoreTaskRequest.php: {"insertSpaces":true,"tabSize":4}
laravel10-rest-api/app/Http/Requests/StoreTaskRequest.php: {"insertSpaces":true,"tabSize":4}
laravel10-rest-api/app/Http/Requests/StoreTaskRequest.php: {"insertSpaces":true,"tabSize":4}
laravel10-rest-api/routes/api.php: {"insertSpaces":true,"tabSize":4}
laravel10-rest-api/routes/api.php: Using EditorConfig core...
routes/api.php: editor.action.trimTrailingWhitespace
laravel10-rest-api/routes/api.php: {"insertSpaces":true,"tabSize":4}
laravel10-rest-api/app/Http/Requests/StoreTaskRequest.php: {"insertSpaces":true,"tabSize":4}
laravel10-rest-api/routes/api.php: {"insertSpaces":true,"tabSize":4}
laravel10-rest-api/app/Http/Controllers/TaskController.php: {"insertSpaces":true,"tabSize":4}
laravel10-rest-api/app/Http/Controllers/TaskController.php: Using EditorConfig core...
app/Http/Controllers/TaskController.php: editor.action.trimTrailingWhitespace
laravel10-rest-api/app/Http/Controllers/TaskController.php: {"insertSpaces":true,"tabSize":4}
laravel10-rest-api/app/Http/Controllers/TaskController.php: {"insertSpaces":true,"tabSize":4}
laravel10-rest-api/app/Http/Resources/TaskCollection.php: {"insertSpaces":true,"tabSize":4}
laravel10-rest-api/app/Http/Resources/TaskCollection.php: Using EditorConfig core...
app/Http/Resources/TaskCollection.php: editor.action.trimTrailingWhitespace
laravel10-rest-api/app/Http/Resources/TaskCollection.php: {"insertSpaces":true,"tabSize":4}
laravel10-rest-api/app/Http/Resources/TaskCollection.php: Using EditorConfig core...
app/Http/Resources/TaskCollection.php: editor.action.trimTrailingWhitespace
laravel10-rest-api/app/Http/Resources/TaskCollection.php: {"insertSpaces":true,"tabSize":4}
laravel10-rest-api/app/Http/Resources/TaskCollection.php: {"insertSpaces":true,"tabSize":4}
laravel10-rest-api/app/Http/Resources/TaskCollection.php: {"insertSpaces":true,"tabSize":4}
laravel10-rest-api/app/Http/Resources/TaskCollection.php: {"insertSpaces":true,"tabSize":4}
laravel10-rest-api/app/Http/Resources/TaskCollection.php: {"insertSpaces":true,"tabSize":4}
laravel10-rest-api/app/Http/Resources/TaskCollection.php: {"insertSpaces":true,"tabSize":4}
laravel10-rest-api/app/Http/Resources/TaskCollection.php: {"insertSpaces":true,"tabSize":4}
laravel10-rest-api/app/Http/Resources/TaskCollection.php: {"insertSpaces":true,"tabSize":4}
laravel10-rest-api/app/Http/Resources/TaskCollection.php: {"insertSpaces":true,"tabSize":4}
laravel10-rest-api/app/Http/Resources/TaskCollection.php: {"insertSpaces":true,"tabSize":4}
laravel10-rest-api/app/Http/Requests/UpdateTaskRequest.php: {"insertSpaces":true,"tabSize":4}
laravel10-rest-api/app/Http/Requests/UpdateTaskRequest.php: Using EditorConfig core...
app/Http/Requests/UpdateTaskRequest.php: editor.action.trimTrailingWhitespace
laravel10-rest-api/app/Http/Requests/UpdateTaskRequest.php: Using EditorConfig core...
app/Http/Requests/UpdateTaskRequest.php: editor.action.trimTrailingWhitespace
laravel10-rest-api/app/Http/Controllers/TaskController.php: {"insertSpaces":true,"tabSize":4}
laravel10-rest-api/app/Http/Controllers/TaskController.php: Using EditorConfig core...
app/Http/Controllers/TaskController.php: editor.action.trimTrailingWhitespace
laravel10-rest-api/app/Http/Controllers/TaskController.php: Using EditorConfig core...
app/Http/Controllers/TaskController.php: editor.action.trimTrailingWhitespace
laravel10-rest-api/app/Http/Controllers/TaskController.php: Using EditorConfig core...
app/Http/Controllers/TaskController.php: editor.action.trimTrailingWhitespace
laravel10-rest-api/app/Http/Controllers/TaskController.php: Using EditorConfig core...
app/Http/Controllers/TaskController.php: editor.action.trimTrailingWhitespace
laravel10-rest-api/app/Http/Controllers/TaskController.php: {"insertSpaces":true,"tabSize":4}
laravel10-rest-api/app/Http/Controllers/TaskController.php: Using EditorConfig core...
app/Http/Controllers/TaskController.php: editor.action.trimTrailingWhitespace
laravel10-rest-api/app/Http/Controllers/TaskController.php: Using EditorConfig core...
app/Http/Controllers/TaskController.php: editor.action.trimTrailingWhitespace
laravel10-rest-api/app/Http/Controllers/TaskController.php: Using EditorConfig core...
app/Http/Controllers/TaskController.php: editor.action.trimTrailingWhitespace
laravel10-rest-api/app/Http/Controllers/TaskController.php: {"insertSpaces":true,"tabSize":4}
laravel10-rest-api/app/Http/Controllers/TaskController.php: {"insertSpaces":true,"tabSize":4}
laravel10-rest-api/app/Http/Controllers/TaskController.php: {"insertSpaces":true,"tabSize":4}
laravel10-rest-api/app/Http/Controllers/TaskController.php: {"insertSpaces":true,"tabSize":4}
laravel10-rest-api/app/Http/Controllers/TaskController.php: {"insertSpaces":true,"tabSize":4}
laravel10-rest-api/app/Http/Controllers/TaskController.php: Using EditorConfig core...
app/Http/Controllers/TaskController.php: editor.action.trimTrailingWhitespace
laravel10-rest-api/app/Http/Controllers/TaskController.php: Using EditorConfig core...
app/Http/Controllers/TaskController.php: editor.action.trimTrailingWhitespace
laravel10-rest-api/app/Http/Controllers/TaskController.php: {"insertSpaces":true,"tabSize":4}
laravel10-rest-api/app/Http/Controllers/TaskController.php: Using EditorConfig core...
app/Http/Controllers/TaskController.php: editor.action.trimTrailingWhitespace
laravel10-rest-api/app/Http/Controllers/TaskController.php: {"insertSpaces":true,"tabSize":4}
laravel10-rest-api/app/Http/Controllers/TaskController.php: Using EditorConfig core...
app/Http/Controllers/TaskController.php: editor.action.trimTrailingWhitespace
laravel10-rest-api/app/Http/Controllers/TaskController.php: {"insertSpaces":true,"tabSize":4}
laravel10-rest-api/app/Http/Controllers/TaskController.php: {"insertSpaces":true,"tabSize":4}
laravel10-rest-api/app/Http/Controllers/TaskController.php: {"insertSpaces":true,"tabSize":4}
laravel10-rest-api/app/Http/Resources/TaskCollection.php: {"insertSpaces":true,"tabSize":4}
laravel10-rest-api/routes/api.php: {"insertSpaces":true,"tabSize":4}
laravel10-rest-api/routes/api.php: Using EditorConfig core...
routes/api.php: editor.action.trimTrailingWhitespace
laravel10-rest-api/app/Http/Controllers/TaskController.php: {"insertSpaces":true,"tabSize":4}
laravel10-rest-api/app/Http/Controllers/TaskController.php: {"insertSpaces":true,"tabSize":4}
laravel10-rest-api/app/Http/Controllers/TaskController.php: {"insertSpaces":true,"tabSize":4}
laravel10-rest-api/app/Http/Controllers/TaskController.php: {"insertSpaces":true,"tabSize":4}
laravel10-rest-api/app/Http/Controllers/TaskController.php: {"insertSpaces":true,"tabSize":4}
laravel10-rest-api/app/Http/Controllers/TaskController.php: {"insertSpaces":true,"tabSize":4}
laravel10-rest-api/app/Http/Controllers/TaskController.php: {"insertSpaces":true,"tabSize":4}
laravel10-rest-api/app/Http/Controllers/TaskController.php: {"insertSpaces":true,"tabSize":4}
laravel10-rest-api/app/Http/Controllers/TaskController.php: {"insertSpaces":true,"tabSize":4}
laravel10-rest-api/routes/api.php: {"insertSpaces":true,"tabSize":4}
laravel10-rest-api/routes/api.php: Using EditorConfig core...
routes/api.php: editor.action.trimTrailingWhitespace
laravel10-rest-api/routes/api.php: Using EditorConfig core...
routes/api.php: editor.action.trimTrailingWhitespace
laravel10-rest-api/routes/api.php: {"insertSpaces":true,"tabSize":4}
laravel10-rest-api/routes/api.php: {"insertSpaces":true,"tabSize":4}
laravel10-rest-api/routes/api.php: {"insertSpaces":true,"tabSize":4}
laravel10-rest-api/routes/api.php: {"insertSpaces":true,"tabSize":4}
laravel10-rest-api/routes/api.php: {"insertSpaces":true,"tabSize":4}
laravel10-rest-api/routes/api.php: {"insertSpaces":true,"tabSize":4}
laravel10-rest-api/routes/api.php: {"insertSpaces":true,"tabSize":4}
laravel10-rest-api/routes/api.php: {"insertSpaces":true,"tabSize":4}
laravel10-rest-api/routes/api.php: {"insertSpaces":true,"tabSize":4}
laravel10-rest-api/routes/api.php: {"insertSpaces":true,"tabSize":4}
laravel10-rest-api/app/Http/Resources/TaskCollection.php: {"insertSpaces":true,"tabSize":4}
laravel10-rest-api/app/Http/Controllers/TaskController.php: {"insertSpaces":true,"tabSize":4}
laravel10-rest-api/app/Http/Controllers/TaskController.php: {"insertSpaces":true,"tabSize":4}
laravel10-rest-api/app/Http/Controllers/TaskController.php: Using EditorConfig core...
app/Http/Controllers/TaskController.php: editor.action.trimTrailingWhitespace
laravel10-rest-api/app/Http/Controllers/TaskController.php: {"insertSpaces":true,"tabSize":4}
laravel10-rest-api/app/Http/Controllers/TaskController.php: Using EditorConfig core...
app/Http/Controllers/TaskController.php: editor.action.trimTrailingWhitespace
laravel10-rest-api/app/Http/Controllers/TaskController.php: {"insertSpaces":true,"tabSize":4}
laravel10-rest-api/app/Http/Controllers/TaskController.php: {"insertSpaces":true,"tabSize":4}
laravel10-rest-api/app/Http/Controllers/TaskController.php: {"insertSpaces":true,"tabSize":4}
laravel10-rest-api/app/Http/Controllers/TaskController.php: {"insertSpaces":true,"tabSize":4}
laravel10-rest-api/app/Http/Controllers/TaskController.php: {"insertSpaces":true,"tabSize":4}
laravel10-rest-api/app/Http/Controllers/TaskController.php: Using EditorConfig core...
app/Http/Controllers/TaskController.php: editor.action.trimTrailingWhitespace
laravel10-rest-api/app/Http/Controllers/TaskController.php: {"insertSpaces":true,"tabSize":4}
laravel10-rest-api/app/Http/Controllers/TaskController.php: {"insertSpaces":true,"tabSize":4}
laravel10-rest-api/app/Http/Controllers/TaskController.php: {"insertSpaces":true,"tabSize":4}
laravel10-rest-api/app/Http/Controllers/TaskController.php: {"insertSpaces":true,"tabSize":4}
laravel10-rest-api/app/Http/Controllers/TaskController.php: {"insertSpaces":true,"tabSize":4}
laravel10-rest-api/app/Http/Controllers/TaskController.php: {"insertSpaces":true,"tabSize":4}
laravel10-rest-api/app/Http/Controllers/TaskController.php: {"insertSpaces":true,"tabSize":4}
laravel10-rest-api/app/Http/Controllers/TaskController.php: Using EditorConfig core...
app/Http/Controllers/TaskController.php: editor.action.trimTrailingWhitespace
laravel10-rest-api/app/Http/Controllers/TaskController.php: {"insertSpaces":true,"tabSize":4}
laravel10-rest-api/app/Http/Controllers/TaskController.php: {"insertSpaces":true,"tabSize":4}
laravel10-rest-api/app/Http/Controllers/TaskController.php: {"insertSpaces":true,"tabSize":4}
