2024-05-24 19:52:45.522 [info] Reading sessions from keychain...
2024-05-24 19:52:45.522 [info] Getting sessions for all scopes...
2024-05-24 19:52:45.522 [info] Got 0 sessions for ...
2024-05-24 19:52:45.522 [info] Getting sessions for all scopes...
2024-05-24 19:52:45.522 [info] Got 0 sessions for ...
2024-05-24 19:52:45.557 [info] Getting sessions for project,read:org,read:user,repo,user:email,workflow...
2024-05-24 19:52:45.557 [info] Got 0 sessions for project,read:org,read:user,repo,user:email,workflow...
2024-05-24 19:52:45.558 [info] Getting sessions for read:user,repo,user:email,workflow...
2024-05-24 19:52:45.558 [info] Got 0 sessions for read:user,repo,user:email,workflow...
2024-05-24 19:52:45.559 [info] Getting sessions for read:user,repo,user:email...
2024-05-24 19:52:45.559 [info] Got 0 sessions for read:user,repo,user:email...
2024-05-24 19:52:45.559 [info] Getting sessions for read:user,repo,user:email,workflow...
2024-05-24 19:52:45.559 [info] Got 0 sessions for read:user,repo,user:email,workflow...
2024-05-24 19:52:48.689 [info] Getting sessions for read:user,repo,user:email,workflow...
2024-05-24 19:52:48.689 [info] Got 0 sessions for read:user,repo,user:email,workflow...
2024-05-24 19:52:48.731 [info] Getting sessions for read:user...
2024-05-24 19:52:48.731 [info] Got 0 sessions for read:user...
2024-05-24 19:52:48.803 [info] Getting sessions for user:email...
2024-05-24 19:52:48.803 [info] Got 0 sessions for user:email...
2024-05-24 19:52:49.063 [info] Getting sessions for read:user,repo,user:email,workflow...
2024-05-24 19:52:49.063 [info] Got 0 sessions for read:user,repo,user:email,workflow...
2024-05-24 19:52:49.068 [info] Getting sessions for read:user...
2024-05-24 19:52:49.068 [info] Got 0 sessions for read:user...
2024-05-24 19:52:49.069 [info] Getting sessions for user:email...
2024-05-24 19:52:49.069 [info] Got 0 sessions for user:email...
2024-05-24 19:52:49.076 [info] Getting sessions for read:user,repo,user:email,workflow...
2024-05-24 19:52:49.076 [info] Got 0 sessions for read:user,repo,user:email,workflow...
2024-05-24 19:52:49.076 [info] Getting sessions for read:user...
2024-05-24 19:52:49.076 [info] Got 0 sessions for read:user...
2024-05-24 19:52:49.077 [info] Getting sessions for user:email...
2024-05-24 19:52:49.077 [info] Got 0 sessions for user:email...
2024-05-24 19:52:50.098 [info] Getting sessions for read:user,repo,user:email,workflow...
2024-05-24 19:52:50.098 [info] Got 0 sessions for read:user,repo,user:email,workflow...
2024-05-24 19:52:50.099 [info] Getting sessions for read:user...
2024-05-24 19:52:50.099 [info] Got 0 sessions for read:user...
2024-05-24 19:52:50.099 [info] Getting sessions for user:email...
2024-05-24 19:52:50.099 [info] Got 0 sessions for user:email...
